{"C:\\Users\\bradl\\OneDrive\\Desktop\\School Stuff\\UH\\COSC 4353 Software Design\\Project\\COSC-4353-Project\\backend\\models\\Event.js": {"path":"C:\\Users\\bradl\\OneDrive\\Desktop\\School Stuff\\UH\\COSC 4353 Software Design\\Project\\COSC-4353-Project\\backend\\models\\Event.js","statementMap":{"0":{"start":{"line":1,"column":17},"end":{"line":1,"column":36}},"1":{"start":{"line":2,"column":14},"end":{"line":2,"column":32}},"2":{"start":{"line":3,"column":15},"end":{"line":3,"column":34}},"3":{"start":{"line":5,"column":20},"end":{"line":29,"column":1}},"4":{"start":{"line":17,"column":10},"end":{"line":17,"column":50}},"5":{"start":{"line":32,"column":0},"end":{"line":39,"column":2}},"6":{"start":{"line":37,"column":4},"end":{"line":37,"column":29}},"7":{"start":{"line":45,"column":0},"end":{"line":60,"column":2}},"8":{"start":{"line":46,"column":18},"end":{"line":46,"column":26}},"9":{"start":{"line":48,"column":2},"end":{"line":51,"column":3}},"10":{"start":{"line":49,"column":4},"end":{"line":49,"column":55}},"11":{"start":{"line":50,"column":4},"end":{"line":50,"column":11}},"12":{"start":{"line":53,"column":25},"end":{"line":53,"column":60}},"13":{"start":{"line":54,"column":30},"end":{"line":54,"column":109}},"14":{"start":{"line":55,"column":2},"end":{"line":55,"column":77}},"15":{"start":{"line":57,"column":24},"end":{"line":57,"column":67}},"16":{"start":{"line":58,"column":29},"end":{"line":58,"column":105}},"17":{"start":{"line":59,"column":2},"end":{"line":59,"column":82}},"18":{"start":{"line":64,"column":0},"end":{"line":72,"column":2}},"19":{"start":{"line":65,"column":25},"end":{"line":65,"column":60}},"20":{"start":{"line":66,"column":30},"end":{"line":66,"column":109}},"21":{"start":{"line":67,"column":2},"end":{"line":67,"column":77}},"22":{"start":{"line":69,"column":24},"end":{"line":69,"column":67}},"23":{"start":{"line":70,"column":29},"end":{"line":70,"column":105}},"24":{"start":{"line":71,"column":2},"end":{"line":71,"column":82}},"25":{"start":{"line":74,"column":14},"end":{"line":74,"column":50}},"26":{"start":{"line":79,"column":18},"end":{"line":79,"column":25}},"27":{"start":{"line":80,"column":2},"end":{"line":80,"column":52}},"28":{"start":{"line":84,"column":0},"end":{"line":84,"column":39}},"29":{"start":{"line":86,"column":0},"end":{"line":86,"column":23}}},"fnMap":{"0":{"name":"(anonymous_0)","decl":{"start":{"line":15,"column":19},"end":{"line":15,"column":20}},"loc":{"start":{"line":15,"column":32},"end":{"line":18,"column":9}},"line":15},"1":{"name":"(anonymous_1)","decl":{"start":{"line":35,"column":2},"end":{"line":35,"column":3}},"loc":{"start":{"line":35,"column":20},"end":{"line":38,"column":3}},"line":35},"2":{"name":"(anonymous_2)","decl":{"start":{"line":45,"column":32},"end":{"line":45,"column":33}},"loc":{"start":{"line":45,"column":50},"end":{"line":60,"column":1}},"line":45},"3":{"name":"(anonymous_3)","decl":{"start":{"line":64,"column":41},"end":{"line":64,"column":42}},"loc":{"start":{"line":64,"column":66},"end":{"line":72,"column":1}},"line":64},"4":{"name":"runPreDelete","decl":{"start":{"line":78,"column":15},"end":{"line":78,"column":27}},"loc":{"start":{"line":78,"column":33},"end":{"line":81,"column":1}},"line":78}},"branchMap":{"0":{"loc":{"start":{"line":17,"column":17},"end":{"line":17,"column":49}},"type":"binary-expr","locations":[{"start":{"line":17,"column":17},"end":{"line":17,"column":33}},{"start":{"line":17,"column":37},"end":{"line":17,"column":49}}],"line":17},"1":{"loc":{"start":{"line":48,"column":2},"end":{"line":51,"column":3}},"type":"if","locations":[{"start":{"line":48,"column":2},"end":{"line":51,"column":3}},{"start":{},"end":{}}],"line":48},"2":{"loc":{"start":{"line":54,"column":30},"end":{"line":54,"column":109}},"type":"cond-expr","locations":[{"start":{"line":54,"column":78},"end":{"line":54,"column":105}},{"start":{"line":54,"column":108},"end":{"line":54,"column":109}}],"line":54},"3":{"loc":{"start":{"line":54,"column":30},"end":{"line":54,"column":75}},"type":"binary-expr","locations":[{"start":{"line":54,"column":30},"end":{"line":54,"column":44}},{"start":{"line":54,"column":48},"end":{"line":54,"column":75}}],"line":54},"4":{"loc":{"start":{"line":58,"column":29},"end":{"line":58,"column":105}},"type":"cond-expr","locations":[{"start":{"line":58,"column":75},"end":{"line":58,"column":101}},{"start":{"line":58,"column":104},"end":{"line":58,"column":105}}],"line":58},"5":{"loc":{"start":{"line":58,"column":29},"end":{"line":58,"column":72}},"type":"binary-expr","locations":[{"start":{"line":58,"column":29},"end":{"line":58,"column":42}},{"start":{"line":58,"column":46},"end":{"line":58,"column":72}}],"line":58},"6":{"loc":{"start":{"line":66,"column":30},"end":{"line":66,"column":109}},"type":"cond-expr","locations":[{"start":{"line":66,"column":78},"end":{"line":66,"column":105}},{"start":{"line":66,"column":108},"end":{"line":66,"column":109}}],"line":66},"7":{"loc":{"start":{"line":66,"column":30},"end":{"line":66,"column":75}},"type":"binary-expr","locations":[{"start":{"line":66,"column":30},"end":{"line":66,"column":44}},{"start":{"line":66,"column":48},"end":{"line":66,"column":75}}],"line":66},"8":{"loc":{"start":{"line":70,"column":29},"end":{"line":70,"column":105}},"type":"cond-expr","locations":[{"start":{"line":70,"column":75},"end":{"line":70,"column":101}},{"start":{"line":70,"column":104},"end":{"line":70,"column":105}}],"line":70},"9":{"loc":{"start":{"line":70,"column":29},"end":{"line":70,"column":72}},"type":"binary-expr","locations":[{"start":{"line":70,"column":29},"end":{"line":70,"column":42}},{"start":{"line":70,"column":46},"end":{"line":70,"column":72}}],"line":70}},"s":{"0":7,"1":7,"2":7,"3":7,"4":7,"5":7,"6":0,"7":7,"8":6,"9":6,"10":3,"11":2,"12":3,"13":2,"14":2,"15":2,"16":2,"17":2,"18":7,"19":5,"20":4,"21":4,"22":4,"23":4,"24":4,"25":7,"26":1,"27":1,"28":7,"29":7},"f":{"0":7,"1":0,"2":6,"3":5,"4":1},"b":{"0":[7,7],"1":[3,3],"2":[1,1],"3":[2,1],"4":[1,1],"5":[2,1],"6":[4,0],"7":[4,4],"8":[4,0],"9":[4,4]},"_coverageSchema":"1a1c01bbd47fc00a2c39e90264f33305004495a9","hash":"49ad3aa9579593faf102bf268162df09a875cded"}
,"C:\\Users\\bradl\\OneDrive\\Desktop\\School Stuff\\UH\\COSC 4353 Software Design\\Project\\COSC-4353-Project\\backend\\models\\Match.js": {"path":"C:\\Users\\bradl\\OneDrive\\Desktop\\School Stuff\\UH\\COSC 4353 Software Design\\Project\\COSC-4353-Project\\backend\\models\\Match.js","statementMap":{"0":{"start":{"line":1,"column":17},"end":{"line":1,"column":36}},"1":{"start":{"line":5,"column":20},"end":{"line":5,"column":62}},"2":{"start":{"line":7,"column":0},"end":{"line":7,"column":54}}},"fnMap":{},"branchMap":{},"s":{"0":6,"1":6,"2":6},"f":{},"b":{},"_coverageSchema":"1a1c01bbd47fc00a2c39e90264f33305004495a9","hash":"e1c581ce3cc5aacb4957474dbf3ef858db10f64b"}
,"C:\\Users\\bradl\\OneDrive\\Desktop\\School Stuff\\UH\\COSC 4353 Software Design\\Project\\COSC-4353-Project\\backend\\models\\Notifs.js": {"path":"C:\\Users\\bradl\\OneDrive\\Desktop\\School Stuff\\UH\\COSC 4353 Software Design\\Project\\COSC-4353-Project\\backend\\models\\Notifs.js","statementMap":{"0":{"start":{"line":1,"column":17},"end":{"line":1,"column":36}},"1":{"start":{"line":2,"column":15},"end":{"line":2,"column":30}},"2":{"start":{"line":4,"column":21},"end":{"line":12,"column":2}},"3":{"start":{"line":14,"column":15},"end":{"line":14,"column":53}},"4":{"start":{"line":16,"column":0},"end":{"line":16,"column":24}}},"fnMap":{},"branchMap":{},"s":{"0":6,"1":6,"2":6,"3":6,"4":6},"f":{},"b":{},"_coverageSchema":"1a1c01bbd47fc00a2c39e90264f33305004495a9","hash":"2d4be79432b4e35ebc343e66a763a5074063a879"}
,"C:\\Users\\bradl\\OneDrive\\Desktop\\School Stuff\\UH\\COSC 4353 Software Design\\Project\\COSC-4353-Project\\backend\\routes\\auth.js": {"path":"C:\\Users\\bradl\\OneDrive\\Desktop\\School Stuff\\UH\\COSC 4353 Software Design\\Project\\COSC-4353-Project\\backend\\routes\\auth.js","statementMap":{"0":{"start":{"line":1,"column":16},"end":{"line":1,"column":34}},"1":{"start":{"line":2,"column":15},"end":{"line":2,"column":34}},"2":{"start":{"line":3,"column":12},"end":{"line":3,"column":35}},"3":{"start":{"line":4,"column":13},"end":{"line":4,"column":38}},"4":{"start":{"line":5,"column":15},"end":{"line":5,"column":31}},"5":{"start":{"line":8,"column":0},"end":{"line":37,"column":3}},"6":{"start":{"line":9,"column":40},"end":{"line":9,"column":48}},"7":{"start":{"line":12,"column":2},"end":{"line":14,"column":3}},"8":{"start":{"line":13,"column":4},"end":{"line":13,"column":73}},"9":{"start":{"line":15,"column":2},"end":{"line":17,"column":3}},"10":{"start":{"line":16,"column":4},"end":{"line":16,"column":69}},"11":{"start":{"line":18,"column":2},"end":{"line":20,"column":3}},"12":{"start":{"line":19,"column":4},"end":{"line":19,"column":82}},"13":{"start":{"line":21,"column":2},"end":{"line":23,"column":3}},"14":{"start":{"line":22,"column":4},"end":{"line":22,"column":88}},"15":{"start":{"line":25,"column":2},"end":{"line":27,"column":3}},"16":{"start":{"line":26,"column":4},"end":{"line":26,"column":70}},"17":{"start":{"line":29,"column":2},"end":{"line":36,"column":3}},"18":{"start":{"line":30,"column":27},"end":{"line":30,"column":58}},"19":{"start":{"line":31,"column":17},"end":{"line":31,"column":72}},"20":{"start":{"line":32,"column":4},"end":{"line":32,"column":22}},"21":{"start":{"line":33,"column":4},"end":{"line":33,"column":58}},"22":{"start":{"line":35,"column":4},"end":{"line":35,"column":81}},"23":{"start":{"line":40,"column":0},"end":{"line":61,"column":3}},"24":{"start":{"line":41,"column":33},"end":{"line":41,"column":41}},"25":{"start":{"line":44,"column":2},"end":{"line":46,"column":3}},"26":{"start":{"line":45,"column":4},"end":{"line":45,"column":84}},"27":{"start":{"line":47,"column":2},"end":{"line":49,"column":3}},"28":{"start":{"line":48,"column":4},"end":{"line":48,"column":69}},"29":{"start":{"line":51,"column":2},"end":{"line":60,"column":3}},"30":{"start":{"line":52,"column":17},"end":{"line":52,"column":49}},"31":{"start":{"line":53,"column":4},"end":{"line":53,"column":79}},"32":{"start":{"line":53,"column":15},"end":{"line":53,"column":79}},"33":{"start":{"line":54,"column":20},"end":{"line":54,"column":65}},"34":{"start":{"line":55,"column":4},"end":{"line":55,"column":82}},"35":{"start":{"line":55,"column":18},"end":{"line":55,"column":82}},"36":{"start":{"line":56,"column":18},"end":{"line":56,"column":63}},"37":{"start":{"line":57,"column":4},"end":{"line":57,"column":24}},"38":{"start":{"line":59,"column":4},"end":{"line":59,"column":74}},"39":{"start":{"line":63,"column":0},"end":{"line":63,"column":24}}},"fnMap":{"0":{"name":"(anonymous_0)","decl":{"start":{"line":8,"column":25},"end":{"line":8,"column":26}},"loc":{"start":{"line":8,"column":45},"end":{"line":37,"column":1}},"line":8},"1":{"name":"(anonymous_1)","decl":{"start":{"line":40,"column":22},"end":{"line":40,"column":23}},"loc":{"start":{"line":40,"column":42},"end":{"line":61,"column":1}},"line":40}},"branchMap":{"0":{"loc":{"start":{"line":12,"column":2},"end":{"line":14,"column":3}},"type":"if","locations":[{"start":{"line":12,"column":2},"end":{"line":14,"column":3}},{"start":{},"end":{}}],"line":12},"1":{"loc":{"start":{"line":12,"column":6},"end":{"line":12,"column":38}},"type":"binary-expr","locations":[{"start":{"line":12,"column":6},"end":{"line":12,"column":15}},{"start":{"line":12,"column":19},"end":{"line":12,"column":25}},{"start":{"line":12,"column":29},"end":{"line":12,"column":38}}],"line":12},"2":{"loc":{"start":{"line":15,"column":2},"end":{"line":17,"column":3}},"type":"if","locations":[{"start":{"line":15,"column":2},"end":{"line":17,"column":3}},{"start":{},"end":{}}],"line":15},"3":{"loc":{"start":{"line":15,"column":6},"end":{"line":15,"column":95}},"type":"binary-expr","locations":[{"start":{"line":15,"column":6},"end":{"line":15,"column":34}},{"start":{"line":15,"column":38},"end":{"line":15,"column":63}},{"start":{"line":15,"column":67},"end":{"line":15,"column":95}}],"line":15},"4":{"loc":{"start":{"line":18,"column":2},"end":{"line":20,"column":3}},"type":"if","locations":[{"start":{"line":18,"column":2},"end":{"line":20,"column":3}},{"start":{},"end":{}}],"line":18},"5":{"loc":{"start":{"line":18,"column":6},"end":{"line":18,"column":49}},"type":"binary-expr","locations":[{"start":{"line":18,"column":6},"end":{"line":18,"column":25}},{"start":{"line":18,"column":29},"end":{"line":18,"column":49}}],"line":18},"6":{"loc":{"start":{"line":21,"column":2},"end":{"line":23,"column":3}},"type":"if","locations":[{"start":{"line":21,"column":2},"end":{"line":23,"column":3}},{"start":{},"end":{}}],"line":21},"7":{"loc":{"start":{"line":25,"column":2},"end":{"line":27,"column":3}},"type":"if","locations":[{"start":{"line":25,"column":2},"end":{"line":27,"column":3}},{"start":{},"end":{}}],"line":25},"8":{"loc":{"start":{"line":44,"column":2},"end":{"line":46,"column":3}},"type":"if","locations":[{"start":{"line":44,"column":2},"end":{"line":46,"column":3}},{"start":{},"end":{}}],"line":44},"9":{"loc":{"start":{"line":44,"column":6},"end":{"line":44,"column":28}},"type":"binary-expr","locations":[{"start":{"line":44,"column":6},"end":{"line":44,"column":15}},{"start":{"line":44,"column":19},"end":{"line":44,"column":28}}],"line":44},"10":{"loc":{"start":{"line":47,"column":2},"end":{"line":49,"column":3}},"type":"if","locations":[{"start":{"line":47,"column":2},"end":{"line":49,"column":3}},{"start":{},"end":{}}],"line":47},"11":{"loc":{"start":{"line":47,"column":6},"end":{"line":47,"column":66}},"type":"binary-expr","locations":[{"start":{"line":47,"column":6},"end":{"line":47,"column":34}},{"start":{"line":47,"column":38},"end":{"line":47,"column":66}}],"line":47},"12":{"loc":{"start":{"line":53,"column":4},"end":{"line":53,"column":79}},"type":"if","locations":[{"start":{"line":53,"column":4},"end":{"line":53,"column":79}},{"start":{},"end":{}}],"line":53},"13":{"loc":{"start":{"line":55,"column":4},"end":{"line":55,"column":82}},"type":"if","locations":[{"start":{"line":55,"column":4},"end":{"line":55,"column":82}},{"start":{},"end":{}}],"line":55}},"s":{"0":1,"1":1,"2":1,"3":1,"4":1,"5":1,"6":12,"7":12,"8":1,"9":11,"10":1,"11":10,"12":2,"13":8,"14":1,"15":7,"16":1,"17":6,"18":6,"19":6,"20":6,"21":4,"22":2,"23":1,"24":6,"25":6,"26":1,"27":5,"28":1,"29":4,"30":4,"31":3,"32":1,"33":2,"34":2,"35":1,"36":1,"37":1,"38":1,"39":1},"f":{"0":12,"1":6},"b":{"0":[1,11],"1":[12,11,11],"2":[1,10],"3":[11,10,10],"4":[2,8],"5":[10,9],"6":[1,7],"7":[1,6],"8":[1,5],"9":[6,5],"10":[1,4],"11":[5,4],"12":[1,2],"13":[1,1]},"_coverageSchema":"1a1c01bbd47fc00a2c39e90264f33305004495a9","hash":"2b4becd2478d42b0d49daf99ed66279666a6d780"}
,"C:\\Users\\bradl\\OneDrive\\Desktop\\School Stuff\\UH\\COSC 4353 Software Design\\Project\\COSC-4353-Project\\backend\\routes\\eventRoutes.js": {"path":"C:\\Users\\bradl\\OneDrive\\Desktop\\School Stuff\\UH\\COSC 4353 Software Design\\Project\\COSC-4353-Project\\backend\\routes\\eventRoutes.js","statementMap":{"0":{"start":{"line":1,"column":16},"end":{"line":1,"column":34}},"1":{"start":{"line":2,"column":15},"end":{"line":2,"column":31}},"2":{"start":{"line":3,"column":14},"end":{"line":3,"column":40}},"3":{"start":{"line":6,"column":0},"end":{"line":15,"column":3}},"4":{"start":{"line":7,"column":2},"end":{"line":14,"column":3}},"5":{"start":{"line":8,"column":18},"end":{"line":8,"column":37}},"6":{"start":{"line":9,"column":4},"end":{"line":9,"column":23}},"7":{"start":{"line":10,"column":4},"end":{"line":10,"column":81}},"8":{"start":{"line":12,"column":4},"end":{"line":12,"column":50}},"9":{"start":{"line":13,"column":4},"end":{"line":13,"column":86}},"10":{"start":{"line":18,"column":0},"end":{"line":26,"column":3}},"11":{"start":{"line":19,"column":2},"end":{"line":25,"column":3}},"12":{"start":{"line":20,"column":19},"end":{"line":20,"column":39}},"13":{"start":{"line":21,"column":4},"end":{"line":21,"column":33}},"14":{"start":{"line":23,"column":4},"end":{"line":23,"column":51}},"15":{"start":{"line":24,"column":4},"end":{"line":24,"column":87}},"16":{"start":{"line":29,"column":0},"end":{"line":47,"column":3}},"17":{"start":{"line":30,"column":2},"end":{"line":46,"column":3}},"18":{"start":{"line":31,"column":19},"end":{"line":31,"column":39}},"19":{"start":{"line":34,"column":22},"end":{"line":41,"column":6}},"20":{"start":{"line":35,"column":18},"end":{"line":35,"column":88}},"21":{"start":{"line":36,"column":6},"end":{"line":40,"column":8}},"22":{"start":{"line":43,"column":4},"end":{"line":43,"column":36}},"23":{"start":{"line":45,"column":4},"end":{"line":45,"column":70}},"24":{"start":{"line":50,"column":0},"end":{"line":60,"column":3}},"25":{"start":{"line":51,"column":2},"end":{"line":59,"column":3}},"26":{"start":{"line":52,"column":18},"end":{"line":52,"column":53}},"27":{"start":{"line":53,"column":4},"end":{"line":55,"column":5}},"28":{"start":{"line":54,"column":6},"end":{"line":54,"column":66}},"29":{"start":{"line":56,"column":4},"end":{"line":56,"column":32}},"30":{"start":{"line":58,"column":4},"end":{"line":58,"column":69}},"31":{"start":{"line":63,"column":0},"end":{"line":75,"column":3}},"32":{"start":{"line":64,"column":2},"end":{"line":74,"column":3}},"33":{"start":{"line":65,"column":18},"end":{"line":67,"column":6}},"34":{"start":{"line":68,"column":4},"end":{"line":70,"column":5}},"35":{"start":{"line":69,"column":6},"end":{"line":69,"column":66}},"36":{"start":{"line":71,"column":4},"end":{"line":71,"column":75}},"37":{"start":{"line":73,"column":4},"end":{"line":73,"column":69}},"38":{"start":{"line":78,"column":0},"end":{"line":102,"column":3}},"39":{"start":{"line":79,"column":2},"end":{"line":101,"column":3}},"40":{"start":{"line":80,"column":18},"end":{"line":80,"column":53}},"41":{"start":{"line":81,"column":4},"end":{"line":83,"column":5}},"42":{"start":{"line":82,"column":6},"end":{"line":82,"column":66}},"43":{"start":{"line":87,"column":4},"end":{"line":92,"column":5}},"44":{"start":{"line":88,"column":6},"end":{"line":88,"column":30}},"45":{"start":{"line":91,"column":6},"end":{"line":91,"column":51}},"46":{"start":{"line":93,"column":4},"end":{"line":95,"column":75}},"47":{"start":{"line":97,"column":4},"end":{"line":97,"column":50}},"48":{"start":{"line":98,"column":4},"end":{"line":100,"column":76}},"49":{"start":{"line":104,"column":0},"end":{"line":104,"column":24}}},"fnMap":{"0":{"name":"(anonymous_0)","decl":{"start":{"line":6,"column":23},"end":{"line":6,"column":24}},"loc":{"start":{"line":6,"column":43},"end":{"line":15,"column":1}},"line":6},"1":{"name":"(anonymous_1)","decl":{"start":{"line":18,"column":19},"end":{"line":18,"column":20}},"loc":{"start":{"line":18,"column":39},"end":{"line":26,"column":1}},"line":18},"2":{"name":"(anonymous_2)","decl":{"start":{"line":29,"column":40},"end":{"line":29,"column":41}},"loc":{"start":{"line":29,"column":60},"end":{"line":47,"column":1}},"line":29},"3":{"name":"(anonymous_3)","decl":{"start":{"line":34,"column":33},"end":{"line":34,"column":34}},"loc":{"start":{"line":34,"column":44},"end":{"line":41,"column":5}},"line":34},"4":{"name":"(anonymous_4)","decl":{"start":{"line":50,"column":19},"end":{"line":50,"column":20}},"loc":{"start":{"line":50,"column":39},"end":{"line":60,"column":1}},"line":50},"5":{"name":"(anonymous_5)","decl":{"start":{"line":63,"column":26},"end":{"line":63,"column":27}},"loc":{"start":{"line":63,"column":46},"end":{"line":75,"column":1}},"line":63},"6":{"name":"(anonymous_6)","decl":{"start":{"line":78,"column":29},"end":{"line":78,"column":30}},"loc":{"start":{"line":78,"column":49},"end":{"line":102,"column":1}},"line":78}},"branchMap":{"0":{"loc":{"start":{"line":13,"column":36},"end":{"line":13,"column":75}},"type":"binary-expr","locations":[{"start":{"line":13,"column":36},"end":{"line":13,"column":49}},{"start":{"line":13,"column":53},"end":{"line":13,"column":75}}],"line":13},"1":{"loc":{"start":{"line":24,"column":36},"end":{"line":24,"column":76}},"type":"binary-expr","locations":[{"start":{"line":24,"column":36},"end":{"line":24,"column":49}},{"start":{"line":24,"column":53},"end":{"line":24,"column":76}}],"line":24},"2":{"loc":{"start":{"line":35,"column":18},"end":{"line":35,"column":88}},"type":"cond-expr","locations":[{"start":{"line":35,"column":57},"end":{"line":35,"column":73}},{"start":{"line":35,"column":76},"end":{"line":35,"column":88}}],"line":35},"3":{"loc":{"start":{"line":53,"column":4},"end":{"line":55,"column":5}},"type":"if","locations":[{"start":{"line":53,"column":4},"end":{"line":55,"column":5}},{"start":{},"end":{}}],"line":53},"4":{"loc":{"start":{"line":68,"column":4},"end":{"line":70,"column":5}},"type":"if","locations":[{"start":{"line":68,"column":4},"end":{"line":70,"column":5}},{"start":{},"end":{}}],"line":68},"5":{"loc":{"start":{"line":81,"column":4},"end":{"line":83,"column":5}},"type":"if","locations":[{"start":{"line":81,"column":4},"end":{"line":83,"column":5}},{"start":{},"end":{}}],"line":81},"6":{"loc":{"start":{"line":87,"column":4},"end":{"line":92,"column":5}},"type":"if","locations":[{"start":{"line":87,"column":4},"end":{"line":92,"column":5}},{"start":{"line":89,"column":11},"end":{"line":92,"column":5}}],"line":87}},"s":{"0":1,"1":1,"2":1,"3":1,"4":3,"5":3,"6":3,"7":2,"8":1,"9":1,"10":1,"11":4,"12":4,"13":3,"14":1,"15":1,"16":1,"17":3,"18":3,"19":2,"20":3,"21":3,"22":2,"23":1,"24":1,"25":9,"26":9,"27":7,"28":1,"29":6,"30":2,"31":1,"32":4,"33":4,"34":3,"35":1,"36":2,"37":1,"38":1,"39":4,"40":4,"41":3,"42":1,"43":2,"44":1,"45":1,"46":2,"47":1,"48":1,"49":1},"f":{"0":3,"1":4,"2":3,"3":3,"4":9,"5":4,"6":4},"b":{"0":[1,0],"1":[1,0],"2":[0,3],"3":[1,6],"4":[1,2],"5":[1,2],"6":[1,1]},"_coverageSchema":"1a1c01bbd47fc00a2c39e90264f33305004495a9","hash":"5295e4ee672e15e591b707d956e48b4e5a20b5e9"}
,"C:\\Users\\bradl\\OneDrive\\Desktop\\School Stuff\\UH\\COSC 4353 Software Design\\Project\\COSC-4353-Project\\backend\\routes\\notifsRoutes.js": {"path":"C:\\Users\\bradl\\OneDrive\\Desktop\\School Stuff\\UH\\COSC 4353 Software Design\\Project\\COSC-4353-Project\\backend\\routes\\notifsRoutes.js","statementMap":{"0":{"start":{"line":1,"column":16},"end":{"line":1,"column":34}},"1":{"start":{"line":2,"column":15},"end":{"line":2,"column":31}},"2":{"start":{"line":3,"column":15},"end":{"line":3,"column":42}},"3":{"start":{"line":4,"column":14},"end":{"line":4,"column":40}},"4":{"start":{"line":7,"column":0},"end":{"line":68,"column":3}},"5":{"start":{"line":8,"column":2},"end":{"line":67,"column":3}},"6":{"start":{"line":9,"column":43},"end":{"line":9,"column":51}},"7":{"start":{"line":12,"column":4},"end":{"line":16,"column":5}},"8":{"start":{"line":13,"column":6},"end":{"line":15,"column":9}},"9":{"start":{"line":19,"column":23},"end":{"line":19,"column":64}},"10":{"start":{"line":20,"column":4},"end":{"line":24,"column":5}},"11":{"start":{"line":21,"column":6},"end":{"line":23,"column":9}},"12":{"start":{"line":27,"column":18},"end":{"line":27,"column":47}},"13":{"start":{"line":28,"column":4},"end":{"line":32,"column":5}},"14":{"start":{"line":29,"column":6},"end":{"line":31,"column":9}},"15":{"start":{"line":36,"column":4},"end":{"line":48,"column":5}},"16":{"start":{"line":38,"column":8},"end":{"line":38,"column":47}},"17":{"start":{"line":39,"column":8},"end":{"line":39,"column":14}},"18":{"start":{"line":41,"column":8},"end":{"line":41,"column":45}},"19":{"start":{"line":42,"column":8},"end":{"line":42,"column":14}},"20":{"start":{"line":44,"column":8},"end":{"line":44,"column":33}},"21":{"start":{"line":45,"column":8},"end":{"line":45,"column":14}},"22":{"start":{"line":47,"column":8},"end":{"line":47,"column":31}},"23":{"start":{"line":50,"column":25},"end":{"line":56,"column":6}},"24":{"start":{"line":58,"column":4},"end":{"line":61,"column":7}},"25":{"start":{"line":63,"column":4},"end":{"line":63,"column":57}},"26":{"start":{"line":64,"column":4},"end":{"line":66,"column":7}},"27":{"start":{"line":71,"column":0},"end":{"line":104,"column":3}},"28":{"start":{"line":72,"column":2},"end":{"line":103,"column":3}},"29":{"start":{"line":73,"column":70},"end":{"line":73,"column":78}},"30":{"start":{"line":76,"column":4},"end":{"line":80,"column":5}},"31":{"start":{"line":77,"column":6},"end":{"line":79,"column":9}},"32":{"start":{"line":82,"column":25},"end":{"line":92,"column":6}},"33":{"start":{"line":94,"column":4},"end":{"line":97,"column":7}},"34":{"start":{"line":99,"column":4},"end":{"line":99,"column":70}},"35":{"start":{"line":100,"column":4},"end":{"line":102,"column":7}},"36":{"start":{"line":107,"column":0},"end":{"line":155,"column":3}},"37":{"start":{"line":108,"column":2},"end":{"line":154,"column":3}},"38":{"start":{"line":109,"column":33},"end":{"line":109,"column":41}},"39":{"start":{"line":112,"column":4},"end":{"line":116,"column":5}},"40":{"start":{"line":113,"column":6},"end":{"line":115,"column":9}},"41":{"start":{"line":118,"column":4},"end":{"line":122,"column":5}},"42":{"start":{"line":119,"column":6},"end":{"line":121,"column":9}},"43":{"start":{"line":125,"column":18},"end":{"line":125,"column":47}},"44":{"start":{"line":126,"column":4},"end":{"line":130,"column":5}},"45":{"start":{"line":127,"column":6},"end":{"line":129,"column":9}},"46":{"start":{"line":133,"column":26},"end":{"line":133,"column":28}},"47":{"start":{"line":134,"column":4},"end":{"line":143,"column":5}},"48":{"start":{"line":135,"column":27},"end":{"line":141,"column":8}},"49":{"start":{"line":142,"column":6},"end":{"line":142,"column":39}},"50":{"start":{"line":145,"column":4},"end":{"line":148,"column":7}},"51":{"start":{"line":150,"column":4},"end":{"line":150,"column":66}},"52":{"start":{"line":151,"column":4},"end":{"line":153,"column":7}},"53":{"start":{"line":158,"column":0},"end":{"line":178,"column":3}},"54":{"start":{"line":159,"column":2},"end":{"line":177,"column":3}},"55":{"start":{"line":160,"column":23},"end":{"line":160,"column":32}},"56":{"start":{"line":162,"column":16},"end":{"line":162,"column":18}},"57":{"start":{"line":163,"column":4},"end":{"line":165,"column":5}},"58":{"start":{"line":164,"column":6},"end":{"line":164,"column":26}},"59":{"start":{"line":167,"column":26},"end":{"line":169,"column":30}},"60":{"start":{"line":171,"column":4},"end":{"line":171,"column":40}},"61":{"start":{"line":173,"column":4},"end":{"line":173,"column":58}},"62":{"start":{"line":174,"column":4},"end":{"line":176,"column":7}},"63":{"start":{"line":180,"column":0},"end":{"line":180,"column":24}}},"fnMap":{"0":{"name":"(anonymous_0)","decl":{"start":{"line":7,"column":23},"end":{"line":7,"column":24}},"loc":{"start":{"line":7,"column":43},"end":{"line":68,"column":1}},"line":7},"1":{"name":"(anonymous_1)","decl":{"start":{"line":71,"column":23},"end":{"line":71,"column":24}},"loc":{"start":{"line":71,"column":43},"end":{"line":104,"column":1}},"line":71},"2":{"name":"(anonymous_2)","decl":{"start":{"line":107,"column":24},"end":{"line":107,"column":25}},"loc":{"start":{"line":107,"column":44},"end":{"line":155,"column":1}},"line":107},"3":{"name":"(anonymous_3)","decl":{"start":{"line":158,"column":19},"end":{"line":158,"column":20}},"loc":{"start":{"line":158,"column":39},"end":{"line":178,"column":1}},"line":158}},"branchMap":{"0":{"loc":{"start":{"line":12,"column":4},"end":{"line":16,"column":5}},"type":"if","locations":[{"start":{"line":12,"column":4},"end":{"line":16,"column":5}},{"start":{},"end":{}}],"line":12},"1":{"loc":{"start":{"line":12,"column":8},"end":{"line":12,"column":41}},"type":"binary-expr","locations":[{"start":{"line":12,"column":8},"end":{"line":12,"column":16}},{"start":{"line":12,"column":20},"end":{"line":12,"column":30}},{"start":{"line":12,"column":34},"end":{"line":12,"column":41}}],"line":12},"2":{"loc":{"start":{"line":20,"column":4},"end":{"line":24,"column":5}},"type":"if","locations":[{"start":{"line":20,"column":4},"end":{"line":24,"column":5}},{"start":{},"end":{}}],"line":20},"3":{"loc":{"start":{"line":28,"column":4},"end":{"line":32,"column":5}},"type":"if","locations":[{"start":{"line":28,"column":4},"end":{"line":32,"column":5}},{"start":{},"end":{}}],"line":28},"4":{"loc":{"start":{"line":36,"column":4},"end":{"line":48,"column":5}},"type":"switch","locations":[{"start":{"line":37,"column":6},"end":{"line":39,"column":14}},{"start":{"line":40,"column":6},"end":{"line":42,"column":14}},{"start":{"line":43,"column":6},"end":{"line":45,"column":14}},{"start":{"line":46,"column":6},"end":{"line":47,"column":31}}],"line":36},"5":{"loc":{"start":{"line":76,"column":4},"end":{"line":80,"column":5}},"type":"if","locations":[{"start":{"line":76,"column":4},"end":{"line":80,"column":5}},{"start":{},"end":{}}],"line":76},"6":{"loc":{"start":{"line":87,"column":21},"end":{"line":87,"column":45}},"type":"binary-expr","locations":[{"start":{"line":87,"column":21},"end":{"line":87,"column":37}},{"start":{"line":87,"column":41},"end":{"line":87,"column":45}}],"line":87},"7":{"loc":{"start":{"line":88,"column":18},"end":{"line":88,"column":39}},"type":"binary-expr","locations":[{"start":{"line":88,"column":18},"end":{"line":88,"column":31}},{"start":{"line":88,"column":35},"end":{"line":88,"column":39}}],"line":88},"8":{"loc":{"start":{"line":89,"column":14},"end":{"line":89,"column":31}},"type":"binary-expr","locations":[{"start":{"line":89,"column":14},"end":{"line":89,"column":23}},{"start":{"line":89,"column":27},"end":{"line":89,"column":31}}],"line":89},"9":{"loc":{"start":{"line":112,"column":4},"end":{"line":116,"column":5}},"type":"if","locations":[{"start":{"line":112,"column":4},"end":{"line":116,"column":5}},{"start":{},"end":{}}],"line":112},"10":{"loc":{"start":{"line":112,"column":8},"end":{"line":112,"column":28}},"type":"binary-expr","locations":[{"start":{"line":112,"column":8},"end":{"line":112,"column":16}},{"start":{"line":112,"column":20},"end":{"line":112,"column":28}}],"line":112},"11":{"loc":{"start":{"line":118,"column":4},"end":{"line":122,"column":5}},"type":"if","locations":[{"start":{"line":118,"column":4},"end":{"line":122,"column":5}},{"start":{},"end":{}}],"line":118},"12":{"loc":{"start":{"line":118,"column":8},"end":{"line":118,"column":55}},"type":"binary-expr","locations":[{"start":{"line":118,"column":8},"end":{"line":118,"column":31}},{"start":{"line":118,"column":35},"end":{"line":118,"column":55}}],"line":118},"13":{"loc":{"start":{"line":126,"column":4},"end":{"line":130,"column":5}},"type":"if","locations":[{"start":{"line":126,"column":4},"end":{"line":130,"column":5}},{"start":{},"end":{}}],"line":126},"14":{"loc":{"start":{"line":163,"column":4},"end":{"line":165,"column":5}},"type":"if","locations":[{"start":{"line":163,"column":4},"end":{"line":165,"column":5}},{"start":{},"end":{}}],"line":163}},"s":{"0":1,"1":1,"2":1,"3":1,"4":1,"5":5,"6":5,"7":5,"8":1,"9":4,"10":4,"11":1,"12":3,"13":2,"14":1,"15":1,"16":1,"17":1,"18":0,"19":0,"20":0,"21":0,"22":0,"23":1,"24":1,"25":1,"26":1,"27":1,"28":3,"29":3,"30":3,"31":1,"32":2,"33":1,"34":1,"35":1,"36":1,"37":6,"38":6,"39":6,"40":1,"41":5,"42":1,"43":4,"44":3,"45":1,"46":2,"47":2,"48":52,"49":52,"50":2,"51":1,"52":1,"53":1,"54":4,"55":4,"56":4,"57":4,"58":2,"59":4,"60":3,"61":1,"62":1,"63":1},"f":{"0":5,"1":3,"2":6,"3":4},"b":{"0":[1,4],"1":[5,4,4],"2":[1,3],"3":[1,1],"4":[1,0,0,0],"5":[1,2],"6":[2,0],"7":[2,0],"8":[2,0],"9":[1,5],"10":[6,5],"11":[1,4],"12":[5,5],"13":[1,2],"14":[2,2]},"_coverageSchema":"1a1c01bbd47fc00a2c39e90264f33305004495a9","hash":"0a255b06ba8be646f8c00bcb73a9dfd8aa4eb289"}
,"C:\\Users\\bradl\\OneDrive\\Desktop\\School Stuff\\UH\\COSC 4353 Software Design\\Project\\COSC-4353-Project\\backend\\routes\\profile.js": {"path":"C:\\Users\\bradl\\OneDrive\\Desktop\\School Stuff\\UH\\COSC 4353 Software Design\\Project\\COSC-4353-Project\\backend\\routes\\profile.js","statementMap":{"0":{"start":{"line":1,"column":16},"end":{"line":1,"column":34}},"1":{"start":{"line":2,"column":12},"end":{"line":2,"column":35}},"2":{"start":{"line":3,"column":15},"end":{"line":3,"column":31}},"3":{"start":{"line":6,"column":14},"end":{"line":6,"column":95}},"4":{"start":{"line":7,"column":21},"end":{"line":7,"column":23}},"5":{"start":{"line":11,"column":21},"end":{"line":11,"column":46}},"6":{"start":{"line":12,"column":2},"end":{"line":12,"column":78}},"7":{"start":{"line":12,"column":19},"end":{"line":12,"column":78}},"8":{"start":{"line":14,"column":16},"end":{"line":14,"column":40}},"9":{"start":{"line":15,"column":2},"end":{"line":27,"column":3}},"10":{"start":{"line":16,"column":20},"end":{"line":16,"column":56}},"11":{"start":{"line":17,"column":17},"end":{"line":17,"column":65}},"12":{"start":{"line":17,"column":33},"end":{"line":17,"column":64}},"13":{"start":{"line":18,"column":4},"end":{"line":18,"column":73}},"14":{"start":{"line":18,"column":15},"end":{"line":18,"column":73}},"15":{"start":{"line":19,"column":4},"end":{"line":19,"column":20}},"16":{"start":{"line":20,"column":4},"end":{"line":20,"column":18}},"17":{"start":{"line":23,"column":4},"end":{"line":25,"column":5}},"18":{"start":{"line":24,"column":6},"end":{"line":24,"column":64}},"19":{"start":{"line":26,"column":4},"end":{"line":26,"column":70}},"20":{"start":{"line":31,"column":0},"end":{"line":51,"column":3}},"21":{"start":{"line":32,"column":2},"end":{"line":50,"column":3}},"22":{"start":{"line":33,"column":21},"end":{"line":33,"column":38}},"23":{"start":{"line":34,"column":4},"end":{"line":46,"column":5}},"24":{"start":{"line":35,"column":6},"end":{"line":45,"column":8}},"25":{"start":{"line":47,"column":4},"end":{"line":47,"column":37}},"26":{"start":{"line":49,"column":4},"end":{"line":49,"column":63}},"27":{"start":{"line":54,"column":0},"end":{"line":77,"column":3}},"28":{"start":{"line":55,"column":2},"end":{"line":76,"column":3}},"29":{"start":{"line":56,"column":21},"end":{"line":56,"column":38}},"30":{"start":{"line":57,"column":4},"end":{"line":69,"column":5}},"31":{"start":{"line":58,"column":6},"end":{"line":68,"column":8}},"32":{"start":{"line":71,"column":20},"end":{"line":71,"column":42}},"33":{"start":{"line":72,"column":4},"end":{"line":72,"column":37}},"34":{"start":{"line":73,"column":4},"end":{"line":73,"column":46}},"35":{"start":{"line":75,"column":4},"end":{"line":75,"column":63}},"36":{"start":{"line":80,"column":0},"end":{"line":84,"column":2}}},"fnMap":{"0":{"name":"authenticate","decl":{"start":{"line":10,"column":9},"end":{"line":10,"column":21}},"loc":{"start":{"line":10,"column":38},"end":{"line":28,"column":1}},"line":10},"1":{"name":"(anonymous_1)","decl":{"start":{"line":17,"column":28},"end":{"line":17,"column":29}},"loc":{"start":{"line":17,"column":33},"end":{"line":17,"column":64}},"line":17},"2":{"name":"(anonymous_2)","decl":{"start":{"line":31,"column":37},"end":{"line":31,"column":38}},"loc":{"start":{"line":31,"column":51},"end":{"line":51,"column":1}},"line":31},"3":{"name":"(anonymous_3)","decl":{"start":{"line":54,"column":42},"end":{"line":54,"column":43}},"loc":{"start":{"line":54,"column":56},"end":{"line":77,"column":1}},"line":54}},"branchMap":{"0":{"loc":{"start":{"line":12,"column":2},"end":{"line":12,"column":78}},"type":"if","locations":[{"start":{"line":12,"column":2},"end":{"line":12,"column":78}},{"start":{},"end":{}}],"line":12},"1":{"loc":{"start":{"line":18,"column":4},"end":{"line":18,"column":73}},"type":"if","locations":[{"start":{"line":18,"column":4},"end":{"line":18,"column":73}},{"start":{},"end":{}}],"line":18},"2":{"loc":{"start":{"line":23,"column":4},"end":{"line":25,"column":5}},"type":"if","locations":[{"start":{"line":23,"column":4},"end":{"line":25,"column":5}},{"start":{},"end":{}}],"line":23},"3":{"loc":{"start":{"line":23,"column":8},"end":{"line":23,"column":76}},"type":"binary-expr","locations":[{"start":{"line":23,"column":8},"end":{"line":23,"column":40}},{"start":{"line":23,"column":44},"end":{"line":23,"column":76}}],"line":23},"4":{"loc":{"start":{"line":34,"column":4},"end":{"line":46,"column":5}},"type":"if","locations":[{"start":{"line":34,"column":4},"end":{"line":46,"column":5}},{"start":{},"end":{}}],"line":34},"5":{"loc":{"start":{"line":57,"column":4},"end":{"line":69,"column":5}},"type":"if","locations":[{"start":{"line":57,"column":4},"end":{"line":69,"column":5}},{"start":{},"end":{}}],"line":57}},"s":{"0":1,"1":1,"2":1,"3":1,"4":1,"5":11,"6":11,"7":1,"8":10,"9":10,"10":10,"11":7,"12":7,"13":7,"14":1,"15":6,"16":6,"17":3,"18":2,"19":1,"20":1,"21":3,"22":3,"23":3,"24":1,"25":2,"26":1,"27":1,"28":3,"29":3,"30":3,"31":1,"32":2,"33":2,"34":2,"35":1,"36":1},"f":{"0":11,"1":7,"2":3,"3":3},"b":{"0":[1,10],"1":[1,6],"2":[2,1],"3":[3,2],"4":[1,1],"5":[1,1]},"_coverageSchema":"1a1c01bbd47fc00a2c39e90264f33305004495a9","hash":"5869bbd5324dd87b5f3ac0572a715d530fd0c4fd"}
}
