{"C:\\Users\\Murtaza Tayabali\\Documents\\GitHub\\COSC-4353-Project\\backend\\models\\User.js": {"path":"C:\\Users\\Murtaza Tayabali\\Documents\\GitHub\\COSC-4353-Project\\backend\\models\\User.js","statementMap":{"0":{"start":{"line":1,"column":17},"end":{"line":1,"column":36}},"1":{"start":{"line":3,"column":19},"end":{"line":7,"column":2}},"2":{"start":{"line":9,"column":0},"end":{"line":9,"column":52}}},"fnMap":{},"branchMap":{},"s":{"0":1,"1":1,"2":1},"f":{},"b":{},"_coverageSchema":"1a1c01bbd47fc00a2c39e90264f33305004495a9","hash":"2cca5b0997537abc1afd78f67a794183cf4cb7d2"}
,"C:\\Users\\Murtaza Tayabali\\Documents\\GitHub\\COSC-4353-Project\\backend\\routes\\auth.js": {"path":"C:\\Users\\Murtaza Tayabali\\Documents\\GitHub\\COSC-4353-Project\\backend\\routes\\auth.js","statementMap":{"0":{"start":{"line":1,"column":16},"end":{"line":1,"column":34}},"1":{"start":{"line":2,"column":15},"end":{"line":2,"column":34}},"2":{"start":{"line":3,"column":12},"end":{"line":3,"column":35}},"3":{"start":{"line":4,"column":13},"end":{"line":4,"column":38}},"4":{"start":{"line":5,"column":15},"end":{"line":5,"column":31}},"5":{"start":{"line":8,"column":0},"end":{"line":37,"column":3}},"6":{"start":{"line":9,"column":40},"end":{"line":9,"column":48}},"7":{"start":{"line":12,"column":2},"end":{"line":14,"column":3}},"8":{"start":{"line":13,"column":4},"end":{"line":13,"column":73}},"9":{"start":{"line":15,"column":2},"end":{"line":17,"column":3}},"10":{"start":{"line":16,"column":4},"end":{"line":16,"column":69}},"11":{"start":{"line":18,"column":2},"end":{"line":20,"column":3}},"12":{"start":{"line":19,"column":4},"end":{"line":19,"column":82}},"13":{"start":{"line":21,"column":2},"end":{"line":23,"column":3}},"14":{"start":{"line":22,"column":4},"end":{"line":22,"column":88}},"15":{"start":{"line":25,"column":2},"end":{"line":27,"column":3}},"16":{"start":{"line":26,"column":4},"end":{"line":26,"column":70}},"17":{"start":{"line":29,"column":2},"end":{"line":36,"column":3}},"18":{"start":{"line":30,"column":27},"end":{"line":30,"column":58}},"19":{"start":{"line":31,"column":17},"end":{"line":31,"column":72}},"20":{"start":{"line":32,"column":4},"end":{"line":32,"column":22}},"21":{"start":{"line":33,"column":4},"end":{"line":33,"column":58}},"22":{"start":{"line":35,"column":4},"end":{"line":35,"column":81}},"23":{"start":{"line":40,"column":0},"end":{"line":61,"column":3}},"24":{"start":{"line":41,"column":33},"end":{"line":41,"column":41}},"25":{"start":{"line":44,"column":2},"end":{"line":46,"column":3}},"26":{"start":{"line":45,"column":4},"end":{"line":45,"column":84}},"27":{"start":{"line":47,"column":2},"end":{"line":49,"column":3}},"28":{"start":{"line":48,"column":4},"end":{"line":48,"column":69}},"29":{"start":{"line":51,"column":2},"end":{"line":60,"column":3}},"30":{"start":{"line":52,"column":17},"end":{"line":52,"column":49}},"31":{"start":{"line":53,"column":4},"end":{"line":53,"column":79}},"32":{"start":{"line":53,"column":15},"end":{"line":53,"column":79}},"33":{"start":{"line":54,"column":20},"end":{"line":54,"column":65}},"34":{"start":{"line":55,"column":4},"end":{"line":55,"column":82}},"35":{"start":{"line":55,"column":18},"end":{"line":55,"column":82}},"36":{"start":{"line":56,"column":18},"end":{"line":56,"column":63}},"37":{"start":{"line":57,"column":4},"end":{"line":57,"column":24}},"38":{"start":{"line":59,"column":4},"end":{"line":59,"column":74}},"39":{"start":{"line":63,"column":0},"end":{"line":63,"column":24}}},"fnMap":{"0":{"name":"(anonymous_0)","decl":{"start":{"line":8,"column":25},"end":{"line":8,"column":26}},"loc":{"start":{"line":8,"column":45},"end":{"line":37,"column":1}},"line":8},"1":{"name":"(anonymous_1)","decl":{"start":{"line":40,"column":22},"end":{"line":40,"column":23}},"loc":{"start":{"line":40,"column":42},"end":{"line":61,"column":1}},"line":40}},"branchMap":{"0":{"loc":{"start":{"line":12,"column":2},"end":{"line":14,"column":3}},"type":"if","locations":[{"start":{"line":12,"column":2},"end":{"line":14,"column":3}},{"start":{},"end":{}}],"line":12},"1":{"loc":{"start":{"line":12,"column":6},"end":{"line":12,"column":38}},"type":"binary-expr","locations":[{"start":{"line":12,"column":6},"end":{"line":12,"column":15}},{"start":{"line":12,"column":19},"end":{"line":12,"column":25}},{"start":{"line":12,"column":29},"end":{"line":12,"column":38}}],"line":12},"2":{"loc":{"start":{"line":15,"column":2},"end":{"line":17,"column":3}},"type":"if","locations":[{"start":{"line":15,"column":2},"end":{"line":17,"column":3}},{"start":{},"end":{}}],"line":15},"3":{"loc":{"start":{"line":15,"column":6},"end":{"line":15,"column":95}},"type":"binary-expr","locations":[{"start":{"line":15,"column":6},"end":{"line":15,"column":34}},{"start":{"line":15,"column":38},"end":{"line":15,"column":63}},{"start":{"line":15,"column":67},"end":{"line":15,"column":95}}],"line":15},"4":{"loc":{"start":{"line":18,"column":2},"end":{"line":20,"column":3}},"type":"if","locations":[{"start":{"line":18,"column":2},"end":{"line":20,"column":3}},{"start":{},"end":{}}],"line":18},"5":{"loc":{"start":{"line":18,"column":6},"end":{"line":18,"column":49}},"type":"binary-expr","locations":[{"start":{"line":18,"column":6},"end":{"line":18,"column":25}},{"start":{"line":18,"column":29},"end":{"line":18,"column":49}}],"line":18},"6":{"loc":{"start":{"line":21,"column":2},"end":{"line":23,"column":3}},"type":"if","locations":[{"start":{"line":21,"column":2},"end":{"line":23,"column":3}},{"start":{},"end":{}}],"line":21},"7":{"loc":{"start":{"line":25,"column":2},"end":{"line":27,"column":3}},"type":"if","locations":[{"start":{"line":25,"column":2},"end":{"line":27,"column":3}},{"start":{},"end":{}}],"line":25},"8":{"loc":{"start":{"line":44,"column":2},"end":{"line":46,"column":3}},"type":"if","locations":[{"start":{"line":44,"column":2},"end":{"line":46,"column":3}},{"start":{},"end":{}}],"line":44},"9":{"loc":{"start":{"line":44,"column":6},"end":{"line":44,"column":28}},"type":"binary-expr","locations":[{"start":{"line":44,"column":6},"end":{"line":44,"column":15}},{"start":{"line":44,"column":19},"end":{"line":44,"column":28}}],"line":44},"10":{"loc":{"start":{"line":47,"column":2},"end":{"line":49,"column":3}},"type":"if","locations":[{"start":{"line":47,"column":2},"end":{"line":49,"column":3}},{"start":{},"end":{}}],"line":47},"11":{"loc":{"start":{"line":47,"column":6},"end":{"line":47,"column":66}},"type":"binary-expr","locations":[{"start":{"line":47,"column":6},"end":{"line":47,"column":34}},{"start":{"line":47,"column":38},"end":{"line":47,"column":66}}],"line":47},"12":{"loc":{"start":{"line":53,"column":4},"end":{"line":53,"column":79}},"type":"if","locations":[{"start":{"line":53,"column":4},"end":{"line":53,"column":79}},{"start":{},"end":{}}],"line":53},"13":{"loc":{"start":{"line":55,"column":4},"end":{"line":55,"column":82}},"type":"if","locations":[{"start":{"line":55,"column":4},"end":{"line":55,"column":82}},{"start":{},"end":{}}],"line":55}},"s":{"0":1,"1":1,"2":1,"3":1,"4":1,"5":1,"6":12,"7":12,"8":1,"9":11,"10":1,"11":10,"12":2,"13":8,"14":1,"15":7,"16":1,"17":6,"18":6,"19":6,"20":6,"21":0,"22":3,"23":1,"24":4,"25":4,"26":1,"27":3,"28":1,"29":2,"30":2,"31":0,"32":0,"33":0,"34":0,"35":0,"36":0,"37":0,"38":2,"39":1},"f":{"0":12,"1":4},"b":{"0":[1,11],"1":[12,11,11],"2":[1,10],"3":[11,10,10],"4":[2,8],"5":[10,9],"6":[1,7],"7":[1,6],"8":[1,3],"9":[4,3],"10":[1,2],"11":[3,2],"12":[0,0],"13":[0,0]},"_coverageSchema":"1a1c01bbd47fc00a2c39e90264f33305004495a9","hash":"84b687c50296796a87cf10114a0748653f0683e3"}
}
