TN:
SF:models\Event.js
FN:15,(anonymous_0)
FN:33,preDeleteHook
FN:43,(anonymous_2)
FN:62,(anonymous_3)
FN:76,runPreDelete
FN:84,preDeleteHookWrapper
FN:86,(anonymous_6)
FN:91,(anonymous_7)
FNF:8
FNH:8
FNDA:6,(anonymous_0)
FNDA:1,preDeleteHook
FNDA:6,(anonymous_2)
FNDA:9,(anonymous_3)
FNDA:4,runPreDelete
FNDA:1,preDeleteHookWrapper
FNDA:1,(anonymous_6)
FNDA:1,(anonymous_7)
DA:1,2
DA:2,2
DA:3,2
DA:5,2
DA:17,6
DA:34,1
DA:37,2
DA:43,2
DA:44,6
DA:46,6
DA:47,3
DA:48,2
DA:51,3
DA:52,2
DA:55,2
DA:56,2
DA:62,2
DA:63,9
DA:64,8
DA:67,8
DA:68,8
DA:72,2
DA:77,4
DA:78,4
DA:82,2
DA:84,2
DA:86,1
DA:87,1
DA:91,2
DA:93,1
DA:96,2
DA:98,2
LF:32
LH:32
BRDA:17,0,0,6
BRDA:17,0,1,6
BRDA:46,1,0,3
BRDA:46,1,1,3
BRDA:52,2,0,1
BRDA:52,2,1,1
BRDA:52,3,0,2
BRDA:52,3,1,1
BRDA:56,4,0,1
BRDA:56,4,1,1
BRDA:56,5,0,2
BRDA:56,5,1,1
BRDA:64,6,0,7
BRDA:64,6,1,1
BRDA:64,7,0,8
BRDA:64,7,1,7
BRDA:68,8,0,6
BRDA:68,8,1,2
BRDA:68,9,0,8
BRDA:68,9,1,7
BRF:20
BRH:20
end_of_record
TN:
SF:models\Match.js
FNF:0
FNH:0
DA:1,2
DA:5,2
DA:7,2
LF:3
LH:3
BRF:0
BRH:0
end_of_record
TN:
SF:models\Notifs.js
FNF:0
FNH:0
DA:1,2
DA:2,2
DA:4,2
DA:14,2
DA:16,2
LF:5
LH:5
BRF:0
BRH:0
end_of_record
TN:
SF:routes\auth.js
FN:8,(anonymous_0)
FN:40,(anonymous_1)
FNF:2
FNH:2
FNDA:12,(anonymous_0)
FNDA:6,(anonymous_1)
DA:1,1
DA:2,1
DA:3,1
DA:4,1
DA:5,1
DA:8,1
DA:9,12
DA:12,12
DA:13,1
DA:15,11
DA:16,1
DA:18,10
DA:19,2
DA:21,8
DA:22,1
DA:25,7
DA:26,1
DA:29,6
DA:30,6
DA:31,6
DA:32,6
DA:33,4
DA:35,2
DA:40,1
DA:41,6
DA:44,6
DA:45,1
DA:47,5
DA:48,1
DA:51,4
DA:52,4
DA:53,3
DA:54,2
DA:55,2
DA:56,1
DA:57,1
DA:59,1
DA:63,1
LF:38
LH:38
BRDA:12,0,0,1
BRDA:12,0,1,11
BRDA:12,1,0,12
BRDA:12,1,1,11
BRDA:12,1,2,11
BRDA:15,2,0,1
BRDA:15,2,1,10
BRDA:15,3,0,11
BRDA:15,3,1,10
BRDA:15,3,2,10
BRDA:18,4,0,2
BRDA:18,4,1,8
BRDA:18,5,0,10
BRDA:18,5,1,9
BRDA:21,6,0,1
BRDA:21,6,1,7
BRDA:25,7,0,1
BRDA:25,7,1,6
BRDA:44,8,0,1
BRDA:44,8,1,5
BRDA:44,9,0,6
BRDA:44,9,1,5
BRDA:47,10,0,1
BRDA:47,10,1,4
BRDA:47,11,0,5
BRDA:47,11,1,4
BRDA:53,12,0,1
BRDA:53,12,1,2
BRDA:55,13,0,1
BRDA:55,13,1,1
BRF:30
BRH:30
end_of_record
TN:
SF:routes\eventRoutes.js
FN:6,(anonymous_0)
FN:18,(anonymous_1)
FN:29,(anonymous_2)
FN:34,(anonymous_3)
FN:50,(anonymous_4)
FN:63,(anonymous_5)
FN:78,(anonymous_6)
FNF:7
FNH:7
FNDA:4,(anonymous_0)
FNDA:5,(anonymous_1)
FNDA:4,(anonymous_2)
FNDA:4,(anonymous_3)
FNDA:9,(anonymous_4)
FNDA:4,(anonymous_5)
FNDA:4,(anonymous_6)
DA:1,1
DA:2,1
DA:3,1
DA:6,1
DA:7,4
DA:8,4
DA:9,4
DA:10,2
DA:13,2
DA:18,1
DA:19,5
DA:20,5
DA:21,3
DA:24,2
DA:29,1
DA:30,4
DA:31,4
DA:34,3
DA:35,4
DA:36,4
DA:43,3
DA:45,1
DA:50,1
DA:51,9
DA:52,9
DA:53,7
DA:54,1
DA:56,6
DA:58,2
DA:63,1
DA:64,4
DA:65,4
DA:68,3
DA:69,1
DA:71,2
DA:73,1
DA:78,1
DA:79,4
DA:80,4
DA:81,3
DA:82,1
DA:87,2
DA:88,1
DA:91,1
DA:93,2
DA:98,1
DA:104,1
LF:47
LH:47
BRDA:13,0,0,2
BRDA:13,0,1,1
BRDA:24,1,0,2
BRDA:24,1,1,1
BRDA:35,2,0,1
BRDA:35,2,1,3
BRDA:53,3,0,1
BRDA:53,3,1,6
BRDA:68,4,0,1
BRDA:68,4,1,2
BRDA:81,5,0,1
BRDA:81,5,1,2
BRDA:87,6,0,1
BRDA:87,6,1,1
BRF:14
BRH:14
end_of_record
TN:
SF:routes\notifsRoutes.js
FN:7,(anonymous_0)
FN:72,(anonymous_1)
FN:108,(anonymous_2)
FN:159,(anonymous_3)
FNF:4
FNH:4
FNDA:7,(anonymous_0)
FNDA:3,(anonymous_1)
FNDA:6,(anonymous_2)
FNDA:4,(anonymous_3)
DA:1,1
DA:2,1
DA:3,1
DA:4,1
DA:7,1
DA:8,7
DA:9,7
DA:12,7
DA:13,1
DA:19,6
DA:20,6
DA:21,1
DA:27,5
DA:28,4
DA:29,1
DA:36,3
DA:38,1
DA:39,1
DA:41,1
DA:42,1
DA:44,1
DA:45,1
DA:51,3
DA:59,3
DA:65,1
DA:72,1
DA:73,3
DA:74,3
DA:77,3
DA:78,1
DA:83,2
DA:95,1
DA:101,1
DA:108,1
DA:109,6
DA:110,6
DA:113,6
DA:114,1
DA:119,5
DA:120,1
DA:126,4
DA:127,3
DA:128,1
DA:134,2
DA:135,2
DA:136,52
DA:143,52
DA:146,2
DA:152,1
DA:159,1
DA:160,4
DA:161,4
DA:163,4
DA:164,4
DA:165,2
DA:168,4
DA:172,3
DA:175,1
DA:181,1
LF:59
LH:59
BRDA:12,0,0,1
BRDA:12,0,1,6
BRDA:12,1,0,7
BRDA:12,1,1,6
BRDA:12,1,2,6
BRDA:20,2,0,1
BRDA:20,2,1,5
BRDA:28,3,0,1
BRDA:28,3,1,3
BRDA:36,4,0,1
BRDA:36,4,1,1
BRDA:36,4,2,1
BRDA:77,5,0,1
BRDA:77,5,1,2
BRDA:88,6,0,2
BRDA:88,6,1,1
BRDA:89,7,0,2
BRDA:89,7,1,1
BRDA:90,8,0,2
BRDA:90,8,1,1
BRDA:113,9,0,1
BRDA:113,9,1,5
BRDA:113,10,0,6
BRDA:113,10,1,5
BRDA:119,11,0,1
BRDA:119,11,1,4
BRDA:119,12,0,5
BRDA:119,12,1,5
BRDA:127,13,0,1
BRDA:127,13,1,2
BRDA:164,14,0,2
BRDA:164,14,1,2
BRF:32
BRH:32
end_of_record
TN:
SF:routes\profile.js
FN:10,authenticate
FN:17,(anonymous_1)
FN:31,(anonymous_2)
FN:54,(anonymous_3)
FNF:4
FNH:4
FNDA:11,authenticate
FNDA:7,(anonymous_1)
FNDA:3,(anonymous_2)
FNDA:3,(anonymous_3)
DA:1,1
DA:2,1
DA:3,1
DA:6,1
DA:7,1
DA:11,11
DA:12,11
DA:14,10
DA:15,10
DA:16,10
DA:17,7
DA:18,7
DA:19,6
DA:20,6
DA:23,3
DA:24,2
DA:26,1
DA:31,1
DA:32,3
DA:33,3
DA:34,3
DA:35,1
DA:47,2
DA:49,1
DA:54,1
DA:55,3
DA:56,3
DA:57,3
DA:58,1
DA:71,2
DA:72,2
DA:73,2
DA:75,1
DA:80,1
LF:34
LH:34
BRDA:12,0,0,1
BRDA:12,0,1,10
BRDA:18,1,0,1
BRDA:18,1,1,6
BRDA:23,2,0,2
BRDA:23,2,1,1
BRDA:23,3,0,3
BRDA:23,3,1,2
BRDA:34,4,0,1
BRDA:34,4,1,1
BRDA:57,5,0,1
BRDA:57,5,1,1
BRF:12
BRH:12
end_of_record
